\BOOKMARK [1][-]{section*.2}{Abstract}{}% 1
\BOOKMARK [1][-]{section.1}{Introduction}{}% 2
\BOOKMARK [2][-]{subsection.1.1}{Beginnings}{section.1}% 3
\BOOKMARK [2][-]{subsection.1.2}{Thesis Statement}{section.1}% 4
\BOOKMARK [2][-]{subsection.1.3}{Problem Statement}{section.1}% 5
\BOOKMARK [2][-]{subsection.1.4}{Proposal Organization}{section.1}% 6
\BOOKMARK [1][-]{section.2}{Background}{}% 7
\BOOKMARK [1][-]{section.3}{Proposed Work}{}% 8
\BOOKMARK [2][-]{subsection.3.1}{Current Work}{section.3}% 9
\BOOKMARK [2][-]{subsection.3.2}{Contributions}{section.3}% 10
\BOOKMARK [1][-]{section.4}{Embedding a Programming Language into another Programming Language }{}% 11
\BOOKMARK [2][-]{subsection.4.1}{The Informal Content from Blogs, Articles and Internet Discussions}{section.4}% 12
\BOOKMARK [2][-]{subsection.4.2}{Related Books}{section.4}% 13
\BOOKMARK [2][-]{subsection.4.3}{Related Papers}{section.4}% 14
\BOOKMARK [2][-]{subsection.4.4}{Related Libraries in Haskell}{section.4}% 15
\BOOKMARK [1][-]{section.5}{Multi Paradigm Languages \(Functional Logic Languages\)}{}% 16
\BOOKMARK [2][-]{subsection.5.1}{The Informal Content from Blogs, Articles and Internet Discussions}{section.5}% 17
\BOOKMARK [2][-]{subsection.5.2}{Literature and Publications}{section.5}% 18
\BOOKMARK [2][-]{subsection.5.3}{Some Multi Paradigm Languages}{section.5}% 19
\BOOKMARK [2][-]{subsection.5.4}{Functional Logic Programming Languages}{section.5}% 20
\BOOKMARK [1][-]{section.6}{Related Work}{}% 21
\BOOKMARK [1][-]{section.7}{Conclusion / Expected Outcomes}{}% 22
\BOOKMARK [1][-]{section*.19}{Bibliography}{}% 23
